# Logfile created on 2021-08-17 13:31:47 -0300 by logger.rb/v1.4.2
D, [2021-08-17T13:31:47.465363 #18320] DEBUG -- : MONGODB | Topology type 'unknown' initializing.
D, [2021-08-17T13:31:47.483023 #18320] DEBUG -- : MONGODB | There was a change in the members of the 'Unknown' topology.
D, [2021-08-17T13:31:47.483325 #18320] DEBUG -- : MONGODB | Server rocklov-db:27017 initializing.
D, [2021-08-17T13:31:47.483679 #18320] DEBUG -- : MONGODB | Waiting for up to 30.00 seconds for servers to be scanned: #<Cluster topology=Unknown[rocklov-db:27017] servers=[#<Server address=rocklov-db:27017 UNKNOWN>]>
D, [2021-08-17T13:31:47.512481 #18320] DEBUG -- : MONGODB | Server description for rocklov-db:27017 changed from 'unknown' to 'standalone'.
D, [2021-08-17T13:31:47.512939 #18320] DEBUG -- : MONGODB | Topology type 'Unknown' changed to type 'Single'.
D, [2021-08-17T13:31:47.619047 #18320] DEBUG -- : MONGODB | Server description for rocklov-db:27017 changed from 'standalone' to 'standalone'.
D, [2021-08-17T13:31:47.619331 #18320] DEBUG -- : MONGODB | There was a change in the members of the 'Single' topology.
D, [2021-08-17T13:31:47.620498 #18320] DEBUG -- : MONGODB | rocklov-db:27017 req:7 conn:1:1 sconn:8 | rocklov.delete | STARTED | {"delete"=>"users", "ordered"=>true, "deletes"=>[{"q"=>{"email"=>"pitty2@gmail.com"}, "limit"=>0}], "$db"=>"rocklov", "lsid"=>{"id"=><BSON::Binary:0x49020 type=uuid data=0x4d19b42c5a034359...>}}
D, [2021-08-17T13:31:47.631698 #18320] DEBUG -- : MONGODB | rocklov-db:27017 req:7 | rocklov.delete | SUCCEEDED | 0.011s
D, [2021-08-17T13:31:47.666849 #18320] DEBUG -- : MONGODB | Server description for rocklov-db:27017 changed from 'standalone' to 'standalone'.
D, [2021-08-17T13:31:47.667100 #18320] DEBUG -- : MONGODB | There was a change in the members of the 'Single' topology.
D, [2021-08-17T13:31:47.667751 #18320] DEBUG -- : MONGODB | rocklov-db:27017 req:9 conn:1:2 sconn:9 | admin.endSessions | STARTED | {"endSessions"=>[{"id"=><BSON::Binary:0x49020 type=uuid data=0x4d19b42c5a034359...>}], "$db"=>"admin"}
D, [2021-08-17T13:31:47.679763 #18320] DEBUG -- : MONGODB | rocklov-db:27017 req:9 | admin.endSessions | SUCCEEDED | 0.012s
D, [2021-08-17T13:32:15.703422 #18436] DEBUG -- : MONGODB | Topology type 'unknown' initializing.
D, [2021-08-17T13:32:15.704464 #18436] DEBUG -- : MONGODB | There was a change in the members of the 'Unknown' topology.
D, [2021-08-17T13:32:15.704748 #18436] DEBUG -- : MONGODB | Server rocklov-db:27017 initializing.
D, [2021-08-17T13:32:15.705531 #18436] DEBUG -- : MONGODB | Waiting for up to 30.00 seconds for servers to be scanned: #<Cluster topology=Unknown[rocklov-db:27017] servers=[#<Server address=rocklov-db:27017 UNKNOWN>]>
D, [2021-08-17T13:32:15.712765 #18436] DEBUG -- : MONGODB | Server description for rocklov-db:27017 changed from 'unknown' to 'standalone'.
D, [2021-08-17T13:32:15.713114 #18436] DEBUG -- : MONGODB | Topology type 'Unknown' changed to type 'Single'.
D, [2021-08-17T13:32:15.732662 #18436] DEBUG -- : MONGODB | Server description for rocklov-db:27017 changed from 'standalone' to 'standalone'.
D, [2021-08-17T13:32:15.733292 #18436] DEBUG -- : MONGODB | There was a change in the members of the 'Single' topology.
D, [2021-08-17T13:32:15.734737 #18436] DEBUG -- : MONGODB | rocklov-db:27017 req:7 conn:1:1 sconn:11 | rocklov.delete | STARTED | {"delete"=>"users", "ordered"=>true, "deletes"=>[{"q"=>{"email"=>"pitty2@gmail.com"}, "limit"=>0}], "$db"=>"rocklov", "lsid"=>{"id"=><BSON::Binary:0x49020 type=uuid data=0x951671735f1442e9...>}}
D, [2021-08-17T13:32:15.746210 #18436] DEBUG -- : MONGODB | rocklov-db:27017 req:7 | rocklov.delete | SUCCEEDED | 0.011s
D, [2021-08-17T13:32:15.783343 #18436] DEBUG -- : MONGODB | Server description for rocklov-db:27017 changed from 'standalone' to 'standalone'.
D, [2021-08-17T13:32:15.783866 #18436] DEBUG -- : MONGODB | There was a change in the members of the 'Single' topology.
D, [2021-08-17T13:32:15.784550 #18436] DEBUG -- : MONGODB | rocklov-db:27017 req:9 conn:1:2 sconn:12 | admin.endSessions | STARTED | {"endSessions"=>[{"id"=><BSON::Binary:0x49020 type=uuid data=0x951671735f1442e9...>}], "$db"=>"admin"}
D, [2021-08-17T13:32:15.795963 #18436] DEBUG -- : MONGODB | rocklov-db:27017 req:9 | admin.endSessions | SUCCEEDED | 0.011s
